d:\作业\就職\240917\gm31\x64\debug\vc143.pdb
d:\作业\就職\240917\gm31\x64\debug\vc143.idb
d:\作业\就職\240917\gm31\x64\debug\imgui_tables.obj
d:\作业\就職\240917\gm31\x64\debug\imgui_impl_win32.obj
d:\作业\就職\240917\gm31\x64\debug\imgui_impl_dx11.obj
d:\作业\就職\240917\gm31\x64\debug\imgui_draw.obj
d:\作业\就職\240917\gm31\x64\debug\imgui_demo.obj
d:\作业\就職\240917\gm31\x64\debug\imgui.obj
d:\作业\就職\240917\gm31\x64\debug\game.obj
d:\作业\就職\240917\gm31\x64\debug\floatingplate.obj
d:\作业\就職\240917\gm31\x64\debug\fire.obj
d:\作业\就職\240917\gm31\x64\debug\field.obj
d:\作业\就職\240917\gm31\x64\debug\explosion.obj
d:\作业\就職\240917\gm31\x64\debug\enemy.obj
d:\作业\就職\240917\gm31\x64\debug\editordefault.obj
d:\作业\就職\240917\gm31\x64\debug\debug.obj
d:\作业\就職\240917\gm31\x64\debug\cylinder.obj
d:\作业\就職\240917\gm31\x64\debug\camera.obj
d:\作业\就職\240917\gm31\x64\debug\bullet.obj
d:\作业\就職\240917\gm31\x64\debug\box.obj
d:\作业\就職\240917\gm31\x64\debug\audio.obj
d:\作业\就職\240917\gm31\x64\debug\animationmodel.obj
d:\作业\就職\240917\gm31\x64\debug\wave.obj
d:\作业\就職\240917\gm31\x64\debug\visualbox.obj
d:\作业\就職\240917\gm31\x64\debug\tree.obj
d:\作业\就職\240917\gm31\x64\debug\title.obj
d:\作业\就職\240917\gm31\x64\debug\time.obj
d:\作业\就職\240917\gm31\x64\debug\snow.obj
d:\作业\就職\240917\gm31\x64\debug\sky.obj
d:\作业\就職\240917\gm31\x64\debug\score.obj
d:\作业\就職\240917\gm31\x64\debug\result.obj
d:\作业\就職\240917\gm31\x64\debug\renderer.obj
d:\作业\就職\240917\gm31\x64\debug\polygon2dr.obj
d:\作业\就職\240917\gm31\x64\debug\polygon2d.obj
d:\作业\就職\240917\gm31\x64\debug\player.obj
d:\作业\就職\240917\gm31\x64\debug\particleemitter.obj
d:\作业\就職\240917\gm31\x64\debug\modelrenderer.obj
d:\作业\就職\240917\gm31\x64\debug\meshfield.obj
d:\作业\就職\240917\gm31\x64\debug\manager.obj
d:\作业\就職\240917\gm31\x64\debug\main.obj
d:\作业\就職\240917\gm31\x64\debug\input.obj
d:\作业\就職\240917\gm31\x64\debug\imgui_widgets.obj
d:\作业\就職\240917\gm31\x64\debug\editorwinobj.obj
d:\作业\就職\240917\shader\pointlightingblinnphongps.cso
d:\作业\就職\240917\shader\pointlightingblinnphongvs.cso
d:\作业\就職\240917\shader\unlittextureps.cso
d:\作业\就職\240917\shader\unlittexturevs.cso
d:\作业\就職\240917\shader\vertexlightingps.cso
d:\作业\就職\240917\shader\vertexlightingvs.cso
d:\作业\就職\240917\gm31.exe
d:\作业\就職\240917\gm31.pdb
d:\作业\就職\240917\gm31\x64\debug\gm31.ilk
d:\作业\就職\240917\gm31\x64\debug\.\gm31.ilk
d:\作业\就職\240917\gm31\x64\debug\gm31.tlog\cl.command.1.tlog
d:\作业\就職\240917\gm31\x64\debug\gm31.tlog\cl.items.tlog
d:\作业\就職\240917\gm31\x64\debug\gm31.tlog\cl.read.1.tlog
d:\作业\就職\240917\gm31\x64\debug\gm31.tlog\cl.write.1.tlog
d:\作业\就職\240917\gm31\x64\debug\gm31.tlog\fxc.command.1.tlog
d:\作业\就職\240917\gm31\x64\debug\gm31.tlog\fxc.read.1.tlog
d:\作业\就職\240917\gm31\x64\debug\gm31.tlog\fxc.write.1.tlog
d:\作业\就職\240917\gm31\x64\debug\gm31.tlog\link.command.1.tlog
d:\作业\就職\240917\gm31\x64\debug\gm31.tlog\link.read.1.tlog
d:\作业\就職\240917\gm31\x64\debug\gm31.tlog\link.secondary.1.tlog
d:\作业\就職\240917\gm31\x64\debug\gm31.tlog\link.write.1.tlog
